{
  "RSpec": {
    "coverage": {
      "/Users/Tom/Programming/MakersAcademy/WeekNine/recode/app.rb": [
        1,
        1,
        1,
        1,
        1,
        1,
        null,
        null,
        1,
        62,
        1,
        1,
        1,
        null,
        1,
        8,
        null,
        null,
        1,
        4,
        4,
        null,
        null,
        1,
        4,
        4,
        1,
        1,
        null,
        3,
        3,
        null,
        null,
        null,
        1,
        3,
        3,
        3,
        1,
        1,
        null,
        2,
        2,
        null,
        null,
        null,
        1,
        2,
        2,
        1,
        1,
        null,
        1,
        1,
        1,
        1,
        null,
        null,
        null,
        1,
        1,
        1,
        1,
        null,
        null,
        null,
        null
      ],
      "/Users/Tom/Programming/MakersAcademy/WeekNine/recode/lib/code_analyzer.rb": [
        10,
        1,
        null,
        1,
        1,
        5,
        5,
        5,
        null,
        null,
        1,
        4,
        4,
        20,
        20,
        null,
        1,
        null,
        null,
        4,
        null,
        null,
        1,
        null,
        1,
        10,
        5,
        null,
        null,
        1,
        5,
        17,
        null,
        null
      ],
      "/Users/Tom/Programming/MakersAcademy/WeekNine/recode/lib/analysis_classes/classes_less_than_hundred.rb": [
        1,
        1,
        4,
        6,
        3,
        6,
        6,
        3,
        null,
        null
      ],
      "/Users/Tom/Programming/MakersAcademy/WeekNine/recode/lib/analysis_classes/excessive_method_params.rb": [
        1,
        1,
        24,
        24,
        null,
        null,
        1,
        null,
        1,
        33,
        null,
        null
      ],
      "/Users/Tom/Programming/MakersAcademy/WeekNine/recode/lib/analysis_classes/global_variable.rb": [
        1,
        1,
        4,
        4,
        3,
        null,
        null
      ],
      "/Users/Tom/Programming/MakersAcademy/WeekNine/recode/lib/analysis_classes/inheritence.rb": [
        1,
        1,
        4,
        4,
        3,
        null,
        null
      ],
      "/Users/Tom/Programming/MakersAcademy/WeekNine/recode/lib/analysis_classes/lazy_poltergeist.rb": [
        1,
        1,
        3,
        9,
        9,
        18,
        3,
        null,
        null
      ],
      "/Users/Tom/Programming/MakersAcademy/WeekNine/recode/lib/analysis_classes/magic_number.rb": [
        1,
        1,
        4,
        4,
        2,
        null,
        null
      ],
      "/Users/Tom/Programming/MakersAcademy/WeekNine/recode/lib/analysis_classes/methods_less_than_five.rb": [
        1,
        1,
        4,
        39,
        3,
        39,
        39,
        3,
        null,
        null
      ],
      "/Users/Tom/Programming/MakersAcademy/WeekNine/recode/lib/analysis_classes/object_orgy.rb": [
        1,
        1,
        3,
        30,
        null,
        null,
        1,
        33,
        null,
        null
      ],
      "/Users/Tom/Programming/MakersAcademy/WeekNine/recode/lib/analysis_classes/public_private_interface.rb": [
        1,
        1,
        3,
        3,
        null,
        null,
        1,
        3,
        3,
        3,
        null,
        null,
        1,
        null,
        1,
        3,
        9,
        9,
        null,
        null
      ],
      "/Users/Tom/Programming/MakersAcademy/WeekNine/recode/lib/repo_manager.rb": [
        1,
        1,
        1,
        1,
        1,
        12,
        12,
        12,
        12,
        null,
        null,
        1,
        null,
        1,
        12,
        12,
        null,
        null,
        1,
        12,
        12,
        12,
        null,
        null,
        1,
        12,
        12,
        null,
        null
      ],
      "/Users/Tom/Programming/MakersAcademy/WeekNine/recode/lib/response_parser.rb": [
        1,
        1,
        null,
        1,
        null,
        1,
        2,
        2,
        2,
        null,
        null,
        1,
        6,
        12,
        null,
        null,
        1,
        null,
        1,
        8,
        null,
        null,
        1,
        2,
        null,
        null,
        null,
        null
      ]
    },
    "timestamp": 1476443058
  }
}
