{
  "RSpec": {
    "coverage": {
      "/Users/andreawildsmith/projects/recode/spec/analysis_classes_spec/classes_less_than_hundred_spec.rb": [
        1,
        null,
        1,
        null,
        3,
        null,
        1,
        2,
        2,
        null,
        null,
        1,
        1,
        null,
        null,
        1,
        1,
        null,
        null,
        null
      ],
      "/Users/andreawildsmith/projects/recode/spec/analysis_classes_spec/excessive_method_params_spec.rb": [
        1,
        null,
        1,
        null,
        2,
        null,
        1,
        1,
        1,
        1,
        null,
        null,
        1,
        1,
        null,
        null
      ],
      "/Users/andreawildsmith/projects/recode/spec/analysis_classes_spec/global_variable_spec.rb": [
        1,
        null,
        1,
        null,
        3,
        null,
        1,
        2,
        2,
        null,
        null,
        1,
        1,
        null,
        null,
        1,
        1,
        null,
        null,
        null
      ],
      "/Users/andreawildsmith/projects/recode/spec/analysis_classes_spec/inheritence_spec.rb": [
        1,
        null,
        1,
        null,
        3,
        null,
        1,
        2,
        2,
        null,
        null,
        1,
        1,
        null,
        null,
        1,
        1,
        null,
        null,
        null
      ],
      "/Users/andreawildsmith/projects/recode/lib/analysis_classes/inheritence.rb": [
        1,
        1,
        3,
        3,
        2,
        null,
        null
      ],
      "/Users/andreawildsmith/projects/recode/spec/analysis_classes_spec/lazy_poltergeist_spec.rb": [
        1,
        null,
        1,
        null,
        2,
        null,
        1,
        1,
        1,
        1,
        null,
        null,
        1,
        1,
        null,
        null,
        null
      ],
      "/Users/andreawildsmith/projects/recode/spec/analysis_classes_spec/magic_number_spec.rb": [
        1,
        null,
        1,
        null,
        3,
        null,
        1,
        2,
        2,
        null,
        null,
        1,
        1,
        null,
        null,
        1,
        1,
        null,
        null,
        null
      ],
      "/Users/andreawildsmith/projects/recode/spec/analysis_classes_spec/methods_less_than_five_spec.rb": [
        1,
        null,
        1,
        null,
        3,
        null,
        1,
        2,
        2,
        null,
        null,
        1,
        1,
        null,
        null,
        1,
        1,
        null,
        null,
        null
      ],
      "/Users/andreawildsmith/projects/recode/spec/analysis_classes_spec/object_orgy_spec.rb": [
        1,
        null,
        1,
        null,
        2,
        null,
        1,
        1,
        1,
        1,
        null,
        null,
        1,
        1,
        null,
        null,
        null
      ],
      "/Users/andreawildsmith/projects/recode/spec/analysis_classes_spec/public_private_interface_spec.rb": [
        1,
        null,
        1,
        null,
        2,
        null,
        1,
        1,
        1,
        1,
        null,
        null,
        1,
        1,
        null,
        null,
        null
      ],
      "/Users/andreawildsmith/projects/recode/spec/code_analyzer_spec.rb": [
        1,
        null,
        1,
        2,
        2,
        null,
        1,
        1,
        1,
        1,
        1,
        null,
        null,
        1,
        1,
        1,
        null,
        null,
        null
      ],
      "/Users/andreawildsmith/projects/recode/spec/features/analysis_spec.rb": [
        1,
        null,
        1,
        null,
        1,
        1,
        null,
        null,
        null,
        null,
        null,
        null,
        null,
        null,
        null,
        null,
        null,
        null,
        null,
        null,
        null,
        null,
        null,
        null,
        null,
        1,
        1,
        1,
        1,
        1,
        1,
        1,
        1,
        1,
        1,
        1,
        1,
        1,
        1,
        1,
        null,
        null
      ],
      "/Users/andreawildsmith/projects/recode/spec/repos_manager_spec.rb": [
        1,
        null,
        1,
        null,
        4,
        2,
        2,
        2,
        null,
        1,
        1,
        1,
        null,
        1,
        1,
        1,
        null,
        1,
        1,
        1,
        null,
        null,
        null
      ],
      "/Users/andreawildsmith/projects/recode/spec/response_parser_spec.rb": [
        1,
        null,
        1,
        null,
        1,
        2,
        2,
        null,
        null,
        null,
        null,
        null,
        null,
        null,
        null,
        null,
        null,
        null,
        null,
        null,
        null,
        null,
        null,
        null,
        null,
        null,
        1,
        1,
        1,
        null,
        null,
        1,
        1,
        1,
        null,
        null,
        null
      ],
      "/Users/andreawildsmith/projects/recode/tmp/temp.rb": [
        1,
        1,
        null,
        1,
        null,
        1,
        18,
        18,
        18,
        null,
        null,
        1,
        0,
        0,
        0,
        0,
        null,
        null,
        null,
        null,
        1,
        0,
        0,
        0,
        0,
        null,
        null,
        1,
        null,
        1,
        null,
        1,
        0,
        0,
        0,
        null,
        null,
        1,
        0,
        0,
        0,
        null,
        null,
        1,
        0,
        null,
        null,
        1,
        0,
        null,
        null,
        1,
        0,
        null,
        null,
        1,
        0,
        null,
        null,
        1,
        0,
        null,
        null,
        1,
        0,
        null,
        null,
        null,
        1,
        1,
        0,
        null,
        null,
        null,
        1,
        null
      ]
    },
    "timestamp": 1476350163
  }
}
